<?xml version="1.0" encoding="utf-8"?><testsuites name="pytest tests"><testsuite name="pytest" errors="0" failures="0" skipped="0" tests="11" time="1.324" timestamp="2026-05-14T14:43:52.226205+00:00" hostname="agent-env-874f8ef7-d563-4ff2-a2c5-db247cafa924"><testcase classname="backend.tests.backend_test.TestHealth" name="test_root" time="0.161" /><testcase classname="backend.tests.backend_test.TestVenues" name="test_list_venues_count_and_shape" time="0.053" /><testcase classname="backend.tests.backend_test.TestPlayers" name="test_list_players_count" time="0.069" /><testcase classname="backend.tests.backend_test.TestPlayers" name="test_get_kunal" time="0.059" /><testcase classname="backend.tests.backend_test.TestPlayers" name="test_create_player_initial_rating_in_range" time="0.106" /><testcase classname="backend.tests.backend_test.TestGames" name="test_open_games_week" time="0.056" /><testcase classname="backend.tests.backend_test.TestGames" name="test_join_and_leave_open_game" time="0.194" /><testcase classname="backend.tests.backend_test.TestRecommendations" name="test_recs_have_shape" time="0.050" /><testcase classname="backend.tests.backend_test.TestLeaderboard" name="test_leaderboard_kunal_rank4" time="0.055" /><testcase classname="backend.tests.backend_test.TestScoreFlow" name="test_score_match_updates_rating" time="0.214" /><testcase classname="backend.tests.backend_test.TestNotifications" name="test_kunal_notifications" time="0.050" /></testsuite></testsuites>